[0m2021.09.30 22:52:58 INFO  Started: Metals version 0.10.7 in workspace '/Users/bpusey/src/pet-projects/betobeto/betobeto-build' for client Visual Studio Code 1.60.1.[0m
[0m2021.09.30 22:53:00 INFO  time: initialize in 2s[0m
[0m2021.09.30 22:53:01 WARN  Build server is not auto-connectable.[0m
[0m2021.09.30 22:53:01 WARN  no build target for: /Users/bpusey/src/pet-projects/betobeto/betobeto-build/build.sbt[0m
[0m2021.09.30 22:53:05 INFO  running '/Library/Java/JavaVirtualMachines/adoptopenjdk-11.jdk/Contents/Home/bin/java -Djline.terminal=jline.UnsupportedTerminal -Dsbt.log.noformat=true -Dfile.encoding=UTF-8 -jar /var/folders/dj/3b7b3y0x0dn2175jw61qlch5p4dcxc/T/metals2051466523632741862/sbt-launch.jar -Dbloop.export-jar-classifiers=sources bloopInstall'[0m
[0m2021.09.30 22:53:06 WARN  no build target for: /Users/bpusey/src/pet-projects/betobeto/betobeto-build/project/metals.sbt[0m
[0m2021.09.30 22:53:06 WARN  no build target for: /Users/bpusey/src/pet-projects/betobeto/betobeto-build/project/project/metals.sbt[0m
[0m2021.09.30 22:53:06 INFO  skipping build import with status 'Started'[0m
[0m2021.09.30 22:53:07 INFO  no build target: using presentation compiler with only scala-library: 2.12.15[0m
[0m2021.09.30 22:53:08 INFO  [info] welcome to sbt 1.4.6 (AdoptOpenJDK Java 11.0.9.1)[0m
[0m2021.09.30 22:53:11 INFO  [info] loading global plugins from /Users/bpusey/.sbt/1.0/plugins[0m
[0m2021.09.30 22:53:11 INFO  time: code lens generation in 9.57s[0m
[0m2021.09.30 22:53:11 INFO  time: code lens generation in 9.63s[0m
[0m2021.09.30 22:53:14 INFO  [info] loading settings for project betobeto-build-build-build from metals.sbt ...[0m
[0m2021.09.30 22:53:14 INFO  [info] loading project definition from /Users/bpusey/src/pet-projects/betobeto/betobeto-build/project/project[0m
[0m2021.09.30 22:53:16 INFO  [info] loading settings for project betobeto-build-build from metals.sbt ...[0m
[0m2021.09.30 22:53:16 INFO  [info] loading project definition from /Users/bpusey/src/pet-projects/betobeto/betobeto-build/project[0m
[0m2021.09.30 22:53:19 INFO  [success] Generated .bloop/betobeto-build-build.json[0m
[0m2021.09.30 22:53:19 INFO  [success] Total time: 2 s, completed Sep 30, 2021, 10:53:19 PM[0m
[0m2021.09.30 22:53:21 INFO  [info] loading settings for project root from build.sbt ...[0m
[0m2021.09.30 22:53:21 INFO  [info] set current project to betobeto-build (in build file:/Users/bpusey/src/pet-projects/betobeto/betobeto-build/)[0m
[0m2021.09.30 22:53:21 INFO  [success] Generated .bloop/root-test.json[0m
[0m2021.09.30 22:53:21 INFO  [success] Generated .bloop/root.json[0m
[0m2021.09.30 22:53:22 INFO  [success] Generated .bloop/core-test.json[0m
[0m2021.09.30 22:53:22 INFO  [success] Generated .bloop/core.json[0m
[0m2021.09.30 22:53:22 INFO  [success] Total time: 1 s, completed Sep 30, 2021, 10:53:22 PM[0m
[0m2021.09.30 22:53:22 INFO  time: ran 'sbt bloopInstall' in 16s[0m
[0m2021.09.30 22:53:22 INFO  Attempting to connect to the build server...[0m
Starting the bsp launcher for bloop...
Opening a bsp server connection with 'bsp --protocol local --socket /var/folders/dj/3b7b3y0x0dn2175jw61qlch5p4dcxc/T/bsp-launcher18357906627363262586/bsp.socket'...
Waiting for the bsp connection to come up...
[0m[32m[D][0m Loading 4 projects from '/Users/bpusey/src/pet-projects/betobeto/betobeto-build/.bloop'...
[0m[32m[D][0m Loading project from '/Users/bpusey/src/pet-projects/betobeto/betobeto-build/.bloop/root-test.json'
[0m[32m[D][0m Loading project from '/Users/bpusey/src/pet-projects/betobeto/betobeto-build/.bloop/core.json'
[0m[32m[D][0m Loading project from '/Users/bpusey/src/pet-projects/betobeto/betobeto-build/.bloop/root.json'
[0m[32m[D][0m Loading project from '/Users/bpusey/src/pet-projects/betobeto/betobeto-build/.bloop/core-test.json'
[0m[32m[D][0m Missing analysis file for project 'core'
[0m[32m[D][0m Missing analysis file for project 'core-test'
[0m[32m[D][0m Missing analysis file for project 'root-test'
[0m[32m[D][0m Missing analysis file for project 'root'
[0m[32m[D][0m Waiting for a connection at local:///var/folders/dj/3b7b3y0x0dn2175jw61qlch5p4dcxc/T/bsp-launcher18357906627363262586/bsp.socket...
The server is listening for incoming connections at local:///var/folders/dj/3b7b3y0x0dn2175jw61qlch5p4dcxc/T/bsp-launcher18357906627363262586/bsp.socket...
Starting thread that pumps stdin and redirects it to the bsp server...
Starting thread that pumps server stdout and redirects it to the client stdout...
[0m2021.09.30 22:53:22 INFO  tracing is disabled for protocol BSP, to enable tracing of incoming and outgoing JSON messages create an empty file at /Users/bpusey/Library/Caches/org.scalameta.metals/bsp.trace.json[0m
[0m2021.09.30 22:53:22 INFO  Attempting to connect to the build server...[0m
Starting the bsp launcher for bloop...
Opening a bsp server connection with 'bsp --protocol local --socket /var/folders/dj/3b7b3y0x0dn2175jw61qlch5p4dcxc/T/bsp-launcher7449129093781543476/bsp.socket'...
Waiting for the bsp connection to come up...
[0m[32m[D][0m Loading workspace settings from bloop.settings.json
[0m[32m[D][0m Waiting for a connection at local:///var/folders/dj/3b7b3y0x0dn2175jw61qlch5p4dcxc/T/bsp-launcher7449129093781543476/bsp.socket...
The server is listening for incoming connections at local:///var/folders/dj/3b7b3y0x0dn2175jw61qlch5p4dcxc/T/bsp-launcher7449129093781543476/bsp.socket...
Starting thread that pumps stdin and redirects it to the bsp server...
Starting thread that pumps server stdout and redirects it to the client stdout...
[0m2021.09.30 22:53:23 INFO  tracing is disabled for protocol BSP, to enable tracing of incoming and outgoing JSON messages create an empty file at /Users/bpusey/Library/Caches/org.scalameta.metals/bsp.trace.json[0m
[0m2021.09.30 22:53:23 INFO  time: Connected to build server in 0.4s[0m
[0m2021.09.30 22:53:23 INFO  Connected to Build server: Bloop v1.4.9[0m
[0m2021.09.30 22:53:33 INFO  time: indexed workspace in 10s[0m
[0m2021.09.30 22:53:34 INFO  running '/Library/Java/JavaVirtualMachines/adoptopenjdk-11.jdk/Contents/Home/bin/java -Djline.terminal=jline.UnsupportedTerminal -Dsbt.log.noformat=true -Dfile.encoding=UTF-8 -jar /var/folders/dj/3b7b3y0x0dn2175jw61qlch5p4dcxc/T/metals3018915591057743875/sbt-launch.jar -Dbloop.export-jar-classifiers=sources bloopInstall'[0m
[0m2021.09.30 22:53:36 INFO  [info] welcome to sbt 1.4.6 (AdoptOpenJDK Java 11.0.9.1)[0m
[0m2021.09.30 22:53:39 INFO  [info] loading global plugins from /Users/bpusey/.sbt/1.0/plugins[0m
[0m2021.09.30 22:53:39 INFO  time: code lens generation in 7.25s[0m
[0m2021.09.30 22:53:39 INFO  time: code lens generation in 1.28s[0m
[0m2021.09.30 22:53:41 INFO  [info] loading settings for project betobeto-build-build-build from metals.sbt ...[0m
[0m2021.09.30 22:53:41 INFO  [info] loading project definition from /Users/bpusey/src/pet-projects/betobeto/betobeto-build/project/project[0m
[0m2021.09.30 22:53:41 INFO  [info] loading settings for project betobeto-build-build from metals.sbt ...[0m
[0m2021.09.30 22:53:41 INFO  [info] loading project definition from /Users/bpusey/src/pet-projects/betobeto/betobeto-build/project[0m
[0m2021.09.30 22:53:43 INFO  no build target: using presentation compiler with only scala-library: 2.12.12[0m
[0m2021.09.30 22:53:44 INFO  [success] Generated .bloop/betobeto-build-build.json[0m
[0m2021.09.30 22:53:44 INFO  [success] Total time: 2 s, completed Sep 30, 2021, 10:53:44 PM[0m
[0m2021.09.30 22:53:44 INFO  [info] loading settings for project root from build.sbt ...[0m
[0m2021.09.30 22:53:44 INFO  [info] set current project to betobeto-build (in build file:/Users/bpusey/src/pet-projects/betobeto/betobeto-build/)[0m
[0m2021.09.30 22:53:45 INFO  [success] Generated .bloop/root-test.json[0m
[0m2021.09.30 22:53:45 INFO  [success] Generated .bloop/root.json[0m
[0m2021.09.30 22:53:45 INFO  [success] Generated .bloop/core-test.json[0m
[0m2021.09.30 22:53:45 INFO  [success] Generated .bloop/core.json[0m
[0m2021.09.30 22:53:45 INFO  [success] Total time: 1 s, completed Sep 30, 2021, 10:53:45 PM[0m
[0m2021.09.30 22:53:45 INFO  time: ran 'sbt bloopInstall' in 11s[0m
[0m2021.09.30 22:53:45 INFO  Disconnecting from Bloop session...[0m
[0m2021.09.30 22:53:45 INFO  Shut down connection with build server.[0m
No more data in the server stdin, exiting...[0m2021.09.30 22:53:45
 INFO  Shut down connection with build server.No more data in the server stdin, exiting...[0m

No more data in the server stdin, exiting...
No more data in the server stdin, exiting...
No more data in the client stdin, exiting...
No more data in the client stdin, exiting...
[0m2021.09.30 22:53:45 INFO  Attempting to connect to the build server...[0m
Starting the bsp launcher for bloop...
Opening a bsp server connection with 'bsp --protocol local --socket /var/folders/dj/3b7b3y0x0dn2175jw61qlch5p4dcxc/T/bsp-launcher2021289511366238390/bsp.socket'...
Waiting for the bsp connection to come up...
[0m[32m[D][0m Loading workspace settings from bloop.settings.json
[0m[32m[D][0m Waiting for a connection at local:///var/folders/dj/3b7b3y0x0dn2175jw61qlch5p4dcxc/T/bsp-launcher2021289511366238390/bsp.socket...
The server is listening for incoming connections at local:///var/folders/dj/3b7b3y0x0dn2175jw61qlch5p4dcxc/T/bsp-launcher2021289511366238390/bsp.socket...
Starting thread that pumps stdin and redirects it to the bsp server...
Starting thread that pumps server stdout and redirects it to the client stdout...
[0m2021.09.30 22:53:45 INFO  tracing is disabled for protocol BSP, to enable tracing of incoming and outgoing JSON messages create an empty file at /Users/bpusey/Library/Caches/org.scalameta.metals/bsp.trace.json[0m
[0m2021.09.30 22:53:45 INFO  Attempting to connect to the build server...[0m
Starting the bsp launcher for bloop...
Opening a bsp server connection with 'bsp --protocol local --socket /var/folders/dj/3b7b3y0x0dn2175jw61qlch5p4dcxc/T/bsp-launcher9608585731207471939/bsp.socket'...
Waiting for the bsp connection to come up...
[0m[32m[D][0m Loading workspace settings from bloop.settings.json
[0m[32m[D][0m Waiting for a connection at local:///var/folders/dj/3b7b3y0x0dn2175jw61qlch5p4dcxc/T/bsp-launcher9608585731207471939/bsp.socket...
The server is listening for incoming connections at local:///var/folders/dj/3b7b3y0x0dn2175jw61qlch5p4dcxc/T/bsp-launcher9608585731207471939/bsp.socket...
Starting thread that pumps stdin and redirects it to the bsp server...
Starting thread that pumps server stdout and redirects it to the client stdout...
[0m2021.09.30 22:53:45 INFO  tracing is disabled for protocol BSP, to enable tracing of incoming and outgoing JSON messages create an empty file at /Users/bpusey/Library/Caches/org.scalameta.metals/bsp.trace.json[0m
[0m2021.09.30 22:53:45 INFO  time: Connected to build server in 68ms[0m
[0m2021.09.30 22:53:45 INFO  Connected to Build server: Bloop v1.4.9[0m
[0m2021.09.30 22:53:48 INFO  time: indexed workspace in 2.11s[0m
[0m2021.09.30 22:53:48 INFO  no build target: using presentation compiler with only scala-library: 2.12.12[0m
[0m2021.09.30 22:54:33 INFO  skipping build import with status 'Installed'[0m
[0m2021.09.30 22:58:38 INFO  compiling core (3 scala sources)[0m
[0m2021.09.30 22:58:41 INFO  time: compiled core in 3.17s[0m
Sep 30, 2021 11:11:14 PM org.eclipse.lsp4j.jsonrpc.RemoteEndpoint handleCancellation
WARNING: Unmatched cancel notification for request id 42
Sep 30, 2021 11:11:26 PM org.eclipse.lsp4j.jsonrpc.RemoteEndpoint handleCancellation
WARNING: Unmatched cancel notification for request id 76
Sep 30, 2021 11:11:26 PM org.eclipse.lsp4j.jsonrpc.RemoteEndpoint handleCancellation
WARNING: Unmatched cancel notification for request id 77
Sep 30, 2021 11:11:26 PM org.eclipse.lsp4j.jsonrpc.RemoteEndpoint handleCancellation
WARNING: Unmatched cancel notification for request id 75
Sep 30, 2021 11:11:26 PM org.eclipse.lsp4j.jsonrpc.RemoteEndpoint handleCancellation
WARNING: Unmatched cancel notification for request id 78
[0m2021.09.30 23:11:37 INFO  running '/Library/Java/JavaVirtualMachines/adoptopenjdk-11.jdk/Contents/Home/bin/java -Djline.terminal=jline.UnsupportedTerminal -Dsbt.log.noformat=true -Dfile.encoding=UTF-8 -jar /var/folders/dj/3b7b3y0x0dn2175jw61qlch5p4dcxc/T/metals3379690314581594339/sbt-launch.jar -Dbloop.export-jar-classifiers=sources bloopInstall'[0m
[0m2021.09.30 23:11:39 INFO  [info] welcome to sbt 1.4.6 (AdoptOpenJDK Java 11.0.9.1)[0m
[0m2021.09.30 23:11:41 INFO  [info] loading global plugins from /Users/bpusey/.sbt/1.0/plugins[0m
[0m2021.09.30 23:11:42 INFO  [info] loading settings for project betobeto-build-build-build from metals.sbt ...[0m
[0m2021.09.30 23:11:42 INFO  [info] loading project definition from /Users/bpusey/src/pet-projects/betobeto/betobeto-build/project/project[0m
[0m2021.09.30 23:11:42 INFO  [info] loading settings for project betobeto-build-build from metals.sbt ...[0m
[0m2021.09.30 23:11:42 INFO  [info] loading project definition from /Users/bpusey/src/pet-projects/betobeto/betobeto-build/project[0m
[0m2021.09.30 23:11:45 INFO  [success] Generated .bloop/betobeto-build-build.json[0m
[0m2021.09.30 23:11:45 INFO  [success] Total time: 2 s, completed Sep 30, 2021, 11:11:45 PM[0m
[0m2021.09.30 23:11:48 INFO  [info] loading settings for project root from build.sbt ...[0m
[0m2021.09.30 23:11:48 INFO  [info] set current project to betobeto-build (in build file:/Users/bpusey/src/pet-projects/betobeto/betobeto-build/)[0m
[0m2021.09.30 23:11:48 INFO  [success] Generated .bloop/root.json[0m
[0m2021.09.30 23:11:48 INFO  [success] Generated .bloop/root-test.json[0m
[0m2021.09.30 23:11:48 INFO  [success] Generated .bloop/core.json[0m
[0m2021.09.30 23:11:48 INFO  [success] Generated .bloop/core-test.json[0m
[0m2021.09.30 23:11:48 INFO  [success] Total time: 0 s, completed Sep 30, 2021, 11:11:49 PM[0m
[0m2021.09.30 23:11:49 INFO  time: ran 'sbt bloopInstall' in 12s[0m
[0m2021.09.30 23:11:49 INFO  Disconnecting from Bloop session...[0m
[0m2021.09.30 23:11:49 INFO  Shut down connection with build server.[0m
No more data in the client stdin, exiting...
[0m2021.09.30 23:11:49 INFO  Shut down connection with build server.[0m
No more data in the client stdin, exiting...
No more data in the server stdin, exiting...
No more data in the server stdin, exiting...
[0m2021.09.30 23:11:49 INFO  Attempting to connect to the build server...[0m
No more data in the server stdin, exiting...
No more data in the server stdin, exiting...
Starting the bsp launcher for bloop...
Opening a bsp server connection with 'bsp --protocol local --socket /var/folders/dj/3b7b3y0x0dn2175jw61qlch5p4dcxc/T/bsp-launcher12563252334196444130/bsp.socket'...
Waiting for the bsp connection to come up...
[0m[32m[D][0m Loading workspace settings from bloop.settings.json
[0m[32m[D][0m Waiting for a connection at local:///var/folders/dj/3b7b3y0x0dn2175jw61qlch5p4dcxc/T/bsp-launcher12563252334196444130/bsp.socket...
The server is listening for incoming connections at local:///var/folders/dj/3b7b3y0x0dn2175jw61qlch5p4dcxc/T/bsp-launcher12563252334196444130/bsp.socket...
Starting thread that pumps stdin and redirects it to the bsp server...
Starting thread that pumps server stdout and redirects it to the client stdout...
[0m2021.09.30 23:11:49 INFO  tracing is disabled for protocol BSP, to enable tracing of incoming and outgoing JSON messages create an empty file at /Users/bpusey/Library/Caches/org.scalameta.metals/bsp.trace.json[0m
[0m2021.09.30 23:11:49 INFO  Attempting to connect to the build server...[0m
Starting the bsp launcher for bloop...
Opening a bsp server connection with 'bsp --protocol local --socket /var/folders/dj/3b7b3y0x0dn2175jw61qlch5p4dcxc/T/bsp-launcher7147280460490026139/bsp.socket'...
Waiting for the bsp connection to come up...
[0m[32m[D][0m Loading workspace settings from bloop.settings.json
[0m[32m[D][0m Waiting for a connection at local:///var/folders/dj/3b7b3y0x0dn2175jw61qlch5p4dcxc/T/bsp-launcher7147280460490026139/bsp.socket...
The server is listening for incoming connections at local:///var/folders/dj/3b7b3y0x0dn2175jw61qlch5p4dcxc/T/bsp-launcher7147280460490026139/bsp.socket...
Starting thread that pumps stdin and redirects it to the bsp server...
Starting thread that pumps server stdout and redirects it to the client stdout...
[0m2021.09.30 23:11:49 INFO  tracing is disabled for protocol BSP, to enable tracing of incoming and outgoing JSON messages create an empty file at /Users/bpusey/Library/Caches/org.scalameta.metals/bsp.trace.json[0m
[0m2021.09.30 23:11:49 INFO  time: Connected to build server in 0.1s[0m
[0m2021.09.30 23:11:49 INFO  Connected to Build server: Bloop v1.4.9[0m
[0m2021.09.30 23:11:51 INFO  time: indexed workspace in 1.61s[0m
[0m2021.09.30 23:11:53 INFO  no build target: using presentation compiler with only scala-library: 2.12.12[0m
[0m2021.09.30 23:11:54 INFO  time: code lens generation in 1.07s[0m
Sep 30, 2021 11:33:27 PM org.eclipse.lsp4j.jsonrpc.RemoteEndpoint handleCancellation
WARNING: Unmatched cancel notification for request id 130
Sep 30, 2021 11:33:49 PM org.eclipse.lsp4j.jsonrpc.RemoteEndpoint handleCancellation
WARNING: Unmatched cancel notification for request id 160
Sep 30, 2021 11:33:52 PM org.eclipse.lsp4j.jsonrpc.RemoteEndpoint handleCancellation
WARNING: Unmatched cancel notification for request id 167
[0m2021.09.30 23:35:17 INFO  running '/Library/Java/JavaVirtualMachines/adoptopenjdk-11.jdk/Contents/Home/bin/java -Djline.terminal=jline.UnsupportedTerminal -Dsbt.log.noformat=true -Dfile.encoding=UTF-8 -jar /var/folders/dj/3b7b3y0x0dn2175jw61qlch5p4dcxc/T/metals17068049245199286980/sbt-launch.jar -Dbloop.export-jar-classifiers=sources bloopInstall'[0m
[0m2021.09.30 23:35:19 INFO  [info] welcome to sbt 1.4.6 (AdoptOpenJDK Java 11.0.9.1)[0m
[0m2021.09.30 23:35:21 INFO  [info] loading global plugins from /Users/bpusey/.sbt/1.0/plugins[0m
[0m2021.09.30 23:35:23 INFO  [info] loading settings for project betobeto-build-build-build from metals.sbt ...[0m
[0m2021.09.30 23:35:23 INFO  [info] loading project definition from /Users/bpusey/src/pet-projects/betobeto/betobeto-build/project/project[0m
[0m2021.09.30 23:35:23 INFO  [info] loading settings for project betobeto-build-build from metals.sbt ...[0m
[0m2021.09.30 23:35:23 INFO  [info] loading project definition from /Users/bpusey/src/pet-projects/betobeto/betobeto-build/project[0m
[0m2021.09.30 23:35:27 INFO  [success] Generated .bloop/betobeto-build-build.json[0m
[0m2021.09.30 23:35:27 INFO  [success] Total time: 3 s, completed Sep 30, 2021, 11:35:27 PM[0m
[0m2021.09.30 23:35:30 INFO  [info] loading settings for project root from build.sbt ...[0m
[0m2021.09.30 23:35:30 INFO  [info] set current project to betobeto-build (in build file:/Users/bpusey/src/pet-projects/betobeto/betobeto-build/)[0m
[0m2021.09.30 23:35:30 INFO  [success] Generated .bloop/root.json[0m
[0m2021.09.30 23:35:30 INFO  [success] Generated .bloop/root-test.json[0m
[0m2021.09.30 23:35:32 INFO  [warn] There may be incompatibilities among your library dependencies; run 'evicted' to see detailed eviction warnings.[0m
[0m2021.09.30 23:35:32 INFO  [warn] There may be incompatibilities among your library dependencies; run 'evicted' to see detailed eviction warnings.[0m
[0m2021.09.30 23:35:32 INFO  [success] Generated .bloop/core-test.json[0m
[0m2021.09.30 23:35:32 INFO  [success] Generated .bloop/core.json[0m
[0m2021.09.30 23:35:32 INFO  [success] Total time: 1 s, completed Sep 30, 2021, 11:35:32 PM[0m
[0m2021.09.30 23:35:32 INFO  time: ran 'sbt bloopInstall' in 15s[0m
[0m2021.09.30 23:35:32 INFO  Disconnecting from Bloop session...[0m
[0m2021.09.30 23:35:32 INFO  Shut down connection with build server.[0m
[0m2021.09.30 23:35:32 INFO  Shut down connection with build server.[0m
No more data in the client stdin, exiting...
No more data in the client stdin, exiting...
No more data in the server stdin, exiting...
No more data in the server stdin, exiting...
No more data in the server stdin, exiting...
No more data in the server stdin, exiting...
[0m2021.09.30 23:35:32 INFO  Attempting to connect to the build server...[0m
Starting the bsp launcher for bloop...
Opening a bsp server connection with 'bsp --protocol local --socket /var/folders/dj/3b7b3y0x0dn2175jw61qlch5p4dcxc/T/bsp-launcher13150796992447465818/bsp.socket'...
Waiting for the bsp connection to come up...
[0m[32m[D][0m Loading workspace settings from bloop.settings.json
[0m[32m[D][0m Loading 2 projects from '/Users/bpusey/src/pet-projects/betobeto/betobeto-build/.bloop'...
[0m[32m[D][0m Loading project from '/Users/bpusey/src/pet-projects/betobeto/betobeto-build/.bloop/core-test.json'
[0m[32m[D][0m Loading project from '/Users/bpusey/src/pet-projects/betobeto/betobeto-build/.bloop/core.json'
[0m[32m[D][0m Configured SemanticDB in projects 'core-test', 'core'
[0m[32m[D][0m Waiting for a connection at local:///var/folders/dj/3b7b3y0x0dn2175jw61qlch5p4dcxc/T/bsp-launcher13150796992447465818/bsp.socket...
The server is listening for incoming connections at local:///var/folders/dj/3b7b3y0x0dn2175jw61qlch5p4dcxc/T/bsp-launcher13150796992447465818/bsp.socket...
Starting thread that pumps stdin and redirects it to the bsp server...
Starting thread that pumps server stdout and redirects it to the client stdout...
[0m2021.09.30 23:35:32 INFO  tracing is disabled for protocol BSP, to enable tracing of incoming and outgoing JSON messages create an empty file at /Users/bpusey/Library/Caches/org.scalameta.metals/bsp.trace.json[0m
[0m2021.09.30 23:35:32 INFO  Attempting to connect to the build server...[0m
Starting the bsp launcher for bloop...
Opening a bsp server connection with 'bsp --protocol local --socket /var/folders/dj/3b7b3y0x0dn2175jw61qlch5p4dcxc/T/bsp-launcher12989370680311567495/bsp.socket'...
Waiting for the bsp connection to come up...
[0m[32m[D][0m Loading workspace settings from bloop.settings.json
[0m[32m[D][0m Waiting for a connection at local:///var/folders/dj/3b7b3y0x0dn2175jw61qlch5p4dcxc/T/bsp-launcher12989370680311567495/bsp.socket...
The server is listening for incoming connections at local:///var/folders/dj/3b7b3y0x0dn2175jw61qlch5p4dcxc/T/bsp-launcher12989370680311567495/bsp.socket...
Starting thread that pumps stdin and redirects it to the bsp server...
Starting thread that pumps server stdout and redirects it to the client stdout...
[0m2021.09.30 23:35:32 INFO  tracing is disabled for protocol BSP, to enable tracing of incoming and outgoing JSON messages create an empty file at /Users/bpusey/Library/Caches/org.scalameta.metals/bsp.trace.json[0m
[0m2021.09.30 23:35:32 INFO  time: Connected to build server in 0.13s[0m
[0m2021.09.30 23:35:32 INFO  Connected to Build server: Bloop v1.4.9[0m
[0m2021.09.30 23:35:34 INFO  time: indexed workspace in 1.95s[0m
[0m2021.09.30 23:35:37 INFO  no build target: using presentation compiler with only scala-library: 2.12.12[0m
[0m2021.09.30 23:35:37 INFO  time: code lens generation in 1.91s[0m
Sep 30, 2021 11:48:26 PM org.eclipse.lsp4j.jsonrpc.RemoteEndpoint handleCancellation
WARNING: Unmatched cancel notification for request id 233
Sep 30, 2021 11:48:30 PM org.eclipse.lsp4j.jsonrpc.RemoteEndpoint handleCancellation
WARNING: Unmatched cancel notification for request id 239
Sep 30, 2021 11:48:31 PM org.eclipse.lsp4j.jsonrpc.RemoteEndpoint handleCancellation
WARNING: Unmatched cancel notification for request id 245
Sep 30, 2021 11:48:32 PM org.eclipse.lsp4j.jsonrpc.RemoteEndpoint handleCancellation
WARNING: Unmatched cancel notification for request id 252
Sep 30, 2021 11:48:36 PM org.eclipse.lsp4j.jsonrpc.RemoteEndpoint handleCancellation
WARNING: Unmatched cancel notification for request id 258
[0m2021.09.30 23:49:11 WARN  no build target for: /Users/bpusey/src/pet-projects/betobeto/betobeto-build/project/plugins.sbt[0m
[0m2021.09.30 23:49:11 WARN  no build target for: /Users/bpusey/src/pet-projects/betobeto/betobeto-build/project/plugins.sbt[0m
[0m2021.09.30 23:49:12 INFO  skipping build import with status 'Installed'[0m
[0m2021.09.30 23:49:13 WARN  no build target for: /Users/bpusey/src/pet-projects/betobeto/betobeto-build/project/plugins.sbt[0m
[0m2021.09.30 23:49:32 WARN  no build target for: /Users/bpusey/src/pet-projects/betobeto/betobeto-build/project/plugins.sbt[0m
[0m2021.09.30 23:49:32 INFO  skipping build import with status 'Requested'[0m
[0m2021.09.30 23:49:34 INFO  running '/Library/Java/JavaVirtualMachines/adoptopenjdk-11.jdk/Contents/Home/bin/java -Djline.terminal=jline.UnsupportedTerminal -Dsbt.log.noformat=true -Dfile.encoding=UTF-8 -jar /var/folders/dj/3b7b3y0x0dn2175jw61qlch5p4dcxc/T/metals3877803894000713978/sbt-launch.jar -Dbloop.export-jar-classifiers=sources bloopInstall'[0m
[0m2021.09.30 23:49:36 INFO  [info] welcome to sbt 1.4.6 (AdoptOpenJDK Java 11.0.9.1)[0m
[0m2021.09.30 23:49:38 INFO  [info] loading global plugins from /Users/bpusey/.sbt/1.0/plugins[0m
[0m2021.09.30 23:49:41 INFO  [info] loading settings for project betobeto-build-build-build-build from metals.sbt ...[0m
[0m2021.09.30 23:49:41 INFO  [info] loading project definition from /Users/bpusey/src/pet-projects/betobeto/betobeto-build/project/project/project[0m
[0m2021.09.30 23:49:43 INFO  [info] loading settings for project betobeto-build-build-build from metals.sbt ...[0m
[0m2021.09.30 23:49:43 INFO  [info] loading project definition from /Users/bpusey/src/pet-projects/betobeto/betobeto-build/project/project[0m
[0m2021.09.30 23:49:45 INFO  [success] Generated .bloop/betobeto-build-build-build.json[0m
[0m2021.09.30 23:49:45 INFO  [success] Total time: 2 s, completed Sep 30, 2021, 11:49:45 PM[0m
[0m2021.09.30 23:49:45 INFO  [info] loading settings for project betobeto-build-build from metals.sbt,plugins.sbt ...[0m
[0m2021.09.30 23:49:45 INFO  [info] loading project definition from /Users/bpusey/src/pet-projects/betobeto/betobeto-build/project[0m
[0m2021.09.30 23:49:50 INFO  [success] Generated .bloop/betobeto-build-build.json[0m
[0m2021.09.30 23:49:50 INFO  [success] Total time: 4 s, completed Sep 30, 2021, 11:49:50 PM[0m
[0m2021.09.30 23:49:51 INFO  [info] loading settings for project root from build.sbt ...[0m
[0m2021.09.30 23:49:51 INFO  [info] set current project to betobeto-build (in build file:/Users/bpusey/src/pet-projects/betobeto/betobeto-build/)[0m
[0m2021.09.30 23:49:51 INFO  [success] Generated .bloop/root-test.json[0m
[0m2021.09.30 23:49:51 INFO  [success] Generated .bloop/root.json[0m
[0m2021.09.30 23:49:52 INFO  [warn] There may be incompatibilities among your library dependencies; run 'evicted' to see detailed eviction warnings.[0m
[0m2021.09.30 23:49:52 INFO  [success] Generated .bloop/core.json[0m
[0m2021.09.30 23:49:52 INFO  [success] Generated .bloop/core-test.json[0m
[0m2021.09.30 23:49:52 INFO  [success] Total time: 1 s, completed Sep 30, 2021, 11:49:52 PM[0m
[0m2021.09.30 23:49:52 INFO  time: ran 'sbt bloopInstall' in 18s[0m
[0m2021.09.30 23:49:52 INFO  Disconnecting from Bloop session...[0m
[0m2021.09.30 23:49:52 INFO  Shut down connection with build server.[0m
[0m2021.09.30 23:49:52 INFO  Shut down connection with build server.[0m
No more data in the client stdin, exiting...
No more data in the client stdin, exiting...
[0m2021.09.30 23:49:52 INFO  Attempting to connect to the build server...[0m
No more data in the server stdin, exiting...
No more data in the server stdin, exiting...
No more data in the server stdin, exiting...
No more data in the server stdin, exiting...
Starting the bsp launcher for bloop...
Opening a bsp server connection with 'bsp --protocol local --socket /var/folders/dj/3b7b3y0x0dn2175jw61qlch5p4dcxc/T/bsp-launcher4693809082893990496/bsp.socket'...
Waiting for the bsp connection to come up...
[0m[32m[D][0m Loading workspace settings from bloop.settings.json
[0m[32m[D][0m Loading 2 projects from '/Users/bpusey/src/pet-projects/betobeto/betobeto-build/.bloop'...
[0m[32m[D][0m Loading project from '/Users/bpusey/src/pet-projects/betobeto/betobeto-build/.bloop/root.json'
[0m[32m[D][0m Loading project from '/Users/bpusey/src/pet-projects/betobeto/betobeto-build/.bloop/root-test.json'
[0m[32m[D][0m Configured SemanticDB in projects 'root', 'root-test'
[0m[32m[D][0m Waiting for a connection at local:///var/folders/dj/3b7b3y0x0dn2175jw61qlch5p4dcxc/T/bsp-launcher4693809082893990496/bsp.socket...
The server is listening for incoming connections at local:///var/folders/dj/3b7b3y0x0dn2175jw61qlch5p4dcxc/T/bsp-launcher4693809082893990496/bsp.socket...
Starting thread that pumps stdin and redirects it to the bsp server...
Starting thread that pumps server stdout and redirects it to the client stdout...
[0m2021.09.30 23:49:52 INFO  tracing is disabled for protocol BSP, to enable tracing of incoming and outgoing JSON messages create an empty file at /Users/bpusey/Library/Caches/org.scalameta.metals/bsp.trace.json[0m
[0m2021.09.30 23:49:52 INFO  Attempting to connect to the build server...[0m
Starting the bsp launcher for bloop...
[0m2021.09.30 23:49:52 INFO  Attempting to connect to the build server...[0m
Opening a bsp server connection with 'bsp --protocol local --socket /var/folders/dj/3b7b3y0x0dn2175jw61qlch5p4dcxc/T/bsp-launcher595296965062284680/bsp.socket'...
Waiting for the bsp connection to come up...
Starting the bsp launcher for bloop...
Opening a bsp server connection with 'bsp --protocol local --socket /var/folders/dj/3b7b3y0x0dn2175jw61qlch5p4dcxc/T/bsp-launcher1253474904003257487/bsp.socket'...
Waiting for the bsp connection to come up...
[0m[32m[D][0m Loading workspace settings from bloop.settings.json
[0m[32m[D][0m Waiting for a connection at local:///var/folders/dj/3b7b3y0x0dn2175jw61qlch5p4dcxc/T/bsp-launcher1253474904003257487/bsp.socket...
The server is listening for incoming connections at local:///var/folders/dj/3b7b3y0x0dn2175jw61qlch5p4dcxc/T/bsp-launcher1253474904003257487/bsp.socket...
Starting thread that pumps stdin and redirects it to the bsp server...
Starting thread that pumps server stdout and redirects it to the client stdout...
[0m2021.09.30 23:49:52 INFO  tracing is disabled for protocol BSP, to enable tracing of incoming and outgoing JSON messages create an empty file at /Users/bpusey/Library/Caches/org.scalameta.metals/bsp.trace.json[0m
[0m[32m[D][0m Loading workspace settings from bloop.settings.json
[0m[32m[D][0m Waiting for a connection at local:///var/folders/dj/3b7b3y0x0dn2175jw61qlch5p4dcxc/T/bsp-launcher595296965062284680/bsp.socket...
The server is listening for incoming connections at local:///var/folders/dj/3b7b3y0x0dn2175jw61qlch5p4dcxc/T/bsp-launcher595296965062284680/bsp.socket...
Starting thread that pumps stdin and redirects it to the bsp server...
Starting thread that pumps server stdout and redirects it to the client stdout...
[0m2021.09.30 23:49:52 INFO  tracing is disabled for protocol BSP, to enable tracing of incoming and outgoing JSON messages create an empty file at /Users/bpusey/Library/Caches/org.scalameta.metals/bsp.trace.json[0m
[0m2021.09.30 23:49:52 INFO  time: Connected to build server in 0.12s[0m
[0m2021.09.30 23:49:52 INFO  Connected to Build server: Bloop v1.4.9[0m
[0m2021.09.30 23:49:55 INFO  time: indexed workspace in 2.27s[0m
[0m2021.09.30 23:49:57 INFO  no build target: using presentation compiler with only scala-library: 2.12.12[0m
[0m2021.09.30 23:49:58 INFO  time: code lens generation in 2.43s[0m
Sep 30, 2021 11:51:39 PM org.eclipse.lsp4j.jsonrpc.RemoteEndpoint handleCancellation
WARNING: Unmatched cancel notification for request id 278
[0m2021.09.30 23:57:33 INFO  running '/Library/Java/JavaVirtualMachines/adoptopenjdk-11.jdk/Contents/Home/bin/java -Djline.terminal=jline.UnsupportedTerminal -Dsbt.log.noformat=true -Dfile.encoding=UTF-8 -jar /var/folders/dj/3b7b3y0x0dn2175jw61qlch5p4dcxc/T/metals83410318835365440/sbt-launch.jar -Dbloop.export-jar-classifiers=sources bloopInstall'[0m
[0m2021.09.30 23:57:35 INFO  [info] welcome to sbt 1.4.6 (AdoptOpenJDK Java 11.0.9.1)[0m
[0m2021.09.30 23:57:37 INFO  [info] loading global plugins from /Users/bpusey/.sbt/1.0/plugins[0m
[0m2021.09.30 23:57:39 INFO  [info] loading settings for project betobeto-build-build-build-build from metals.sbt ...[0m
[0m2021.09.30 23:57:39 INFO  [info] loading project definition from /Users/bpusey/src/pet-projects/betobeto/betobeto-build/project/project/project[0m
[0m2021.09.30 23:57:39 INFO  [info] loading settings for project betobeto-build-build-build from metals.sbt ...[0m
[0m2021.09.30 23:57:39 INFO  [info] loading project definition from /Users/bpusey/src/pet-projects/betobeto/betobeto-build/project/project[0m
[0m2021.09.30 23:57:42 INFO  [success] Generated .bloop/betobeto-build-build-build.json[0m
[0m2021.09.30 23:57:42 INFO  [success] Total time: 2 s, completed Sep 30, 2021, 11:57:42 PM[0m
[0m2021.09.30 23:57:42 INFO  [info] loading settings for project betobeto-build-build from metals.sbt,plugins.sbt ...[0m
[0m2021.09.30 23:57:42 INFO  [info] loading project definition from /Users/bpusey/src/pet-projects/betobeto/betobeto-build/project[0m
[0m2021.09.30 23:57:43 INFO  [success] Generated .bloop/betobeto-build-build.json[0m
[0m2021.09.30 23:57:43 INFO  [success] Total time: 1 s, completed Sep 30, 2021, 11:57:43 PM[0m
[0m2021.09.30 23:57:46 INFO  [info] loading settings for project betobeto-build from build.sbt ...[0m
[0m2021.09.30 23:57:46 INFO  [info] set current project to betobeto-build (in build file:/Users/bpusey/src/pet-projects/betobeto/betobeto-build/)[0m
[0m2021.09.30 23:57:46 INFO  [success] Generated .bloop/betobeto-build-test.json[0m
[0m2021.09.30 23:57:46 INFO  [success] Generated .bloop/betobeto-build.json[0m
[0m2021.09.30 23:57:47 INFO  [warn] There may be incompatibilities among your library dependencies; run 'evicted' to see detailed eviction warnings.[0m
[0m2021.09.30 23:57:47 INFO  [warn] There may be incompatibilities among your library dependencies; run 'evicted' to see detailed eviction warnings.[0m
[0m2021.09.30 23:57:47 INFO  [success] Generated .bloop/root-test.json[0m
[0m2021.09.30 23:57:47 INFO  [success] Generated .bloop/root.json[0m
[0m2021.09.30 23:57:47 INFO  [success] Generated .bloop/core.json[0m
[0m2021.09.30 23:57:47 INFO  [success] Generated .bloop/core-test.json[0m
[0m2021.09.30 23:57:47 INFO  [success] Total time: 1 s, completed Sep 30, 2021, 11:57:47 PM[0m
[0m2021.09.30 23:57:47 INFO  time: ran 'sbt bloopInstall' in 13s[0m
[0m2021.09.30 23:57:47 INFO  Disconnecting from Bloop session...[0m
[0m2021.09.30 23:57:47 INFO  Shut down connection with build server.[0m
[0m2021.09.30 23:57:47 INFO  Shut down connection with build server.[0m
No more data in the client stdin, exiting...
[0m2021.09.30 23:57:47 INFO No more data in the server stdin, exiting... Shut down connection with build server.[0m

No more data in the server stdin, exiting...
No more data in the server stdin, exiting...
No more data in the server stdin, exiting...
No more data in the server stdin, exiting...
No more data in the server stdin, exiting...
No more data in the client stdin, exiting...
No more data in the client stdin, exiting...
[0m2021.09.30 23:57:47 INFO  Attempting to connect to the build server...[0m
Starting the bsp launcher for bloop...
Opening a bsp server connection with 'bsp --protocol local --socket /var/folders/dj/3b7b3y0x0dn2175jw61qlch5p4dcxc/T/bsp-launcher268560421066178389/bsp.socket'...
Waiting for the bsp connection to come up...
[0m[32m[D][0m Loading workspace settings from bloop.settings.json
[0m[32m[D][0m Loading 4 projects from '/Users/bpusey/src/pet-projects/betobeto/betobeto-build/.bloop'...
[0m[32m[D][0m Loading project from '/Users/bpusey/src/pet-projects/betobeto/betobeto-build/.bloop/root-test.json'
[0m[32m[D][0m Loading project from '/Users/bpusey/src/pet-projects/betobeto/betobeto-build/.bloop/root.json'
[0m[32m[D][0m Loading project from '/Users/bpusey/src/pet-projects/betobeto/betobeto-build/.bloop/betobeto-build-test.json'
[0m[32m[D][0m Loading project from '/Users/bpusey/src/pet-projects/betobeto/betobeto-build/.bloop/betobeto-build.json'
[0m[32m[D][0m Configured SemanticDB in projects 'betobeto-build-test', 'betobeto-build'
[0m[32m[D][0m Configured SemanticDB in projects 'root-test', 'root'
[0m[32m[D][0m Waiting for a connection at local:///var/folders/dj/3b7b3y0x0dn2175jw61qlch5p4dcxc/T/bsp-launcher268560421066178389/bsp.socket...
The server is listening for incoming connections at local:///var/folders/dj/3b7b3y0x0dn2175jw61qlch5p4dcxc/T/bsp-launcher268560421066178389/bsp.socket...
Starting thread that pumps stdin and redirects it to the bsp server...
Starting thread that pumps server stdout and redirects it to the client stdout...
[0m2021.09.30 23:57:47 INFO  tracing is disabled for protocol BSP, to enable tracing of incoming and outgoing JSON messages create an empty file at /Users/bpusey/Library/Caches/org.scalameta.metals/bsp.trace.json[0m
[0m2021.09.30 23:57:47 INFO  Attempting to connect to the build server...[0m
Starting the bsp launcher for bloop...
[0m2021.09.30 23:57:47 INFO  Attempting to connect to the build server...[0m
Opening a bsp server connection with 'bsp --protocol local --socket /var/folders/dj/3b7b3y0x0dn2175jw61qlch5p4dcxc/T/bsp-launcher10580018227143033638/bsp.socket'...
Waiting for the bsp connection to come up...
Starting the bsp launcher for bloop...
Opening a bsp server connection with 'bsp --protocol local --socket /var/folders/dj/3b7b3y0x0dn2175jw61qlch5p4dcxc/T/bsp-launcher3136793292215764583/bsp.socket'...
Waiting for the bsp connection to come up...
[0m[32m[D][0m Loading workspace settings from bloop.settings.json
[0m[32m[D][0m Waiting for a connection at local:///var/folders/dj/3b7b3y0x0dn2175jw61qlch5p4dcxc/T/bsp-launcher10580018227143033638/bsp.socket...
The server is listening for incoming connections at local:///var/folders/dj/3b7b3y0x0dn2175jw61qlch5p4dcxc/T/bsp-launcher10580018227143033638/bsp.socket...
Starting thread that pumps stdin and redirects it to the bsp server...
Starting thread that pumps server stdout and redirects it to the client stdout...
[0m2021.09.30 23:57:47 INFO  tracing is disabled for protocol BSP, to enable tracing of incoming and outgoing JSON messages create an empty file at /Users/bpusey/Library/Caches/org.scalameta.metals/bsp.trace.json[0m
[0m[32m[D][0m Loading workspace settings from bloop.settings.json
[0m[32m[D][0m Waiting for a connection at local:///var/folders/dj/3b7b3y0x0dn2175jw61qlch5p4dcxc/T/bsp-launcher3136793292215764583/bsp.socket...
The server is listening for incoming connections at local:///var/folders/dj/3b7b3y0x0dn2175jw61qlch5p4dcxc/T/bsp-launcher3136793292215764583/bsp.socket...
Starting thread that pumps stdin and redirects it to the bsp server...
Starting thread that pumps server stdout and redirects it to the client stdout...
[0m2021.09.30 23:57:47 INFO  tracing is disabled for protocol BSP, to enable tracing of incoming and outgoing JSON messages create an empty file at /Users/bpusey/Library/Caches/org.scalameta.metals/bsp.trace.json[0m
[0m2021.09.30 23:57:47 INFO  time: Connected to build server in 0.1s[0m
[0m2021.09.30 23:57:47 INFO  Connected to Build server: Bloop v1.4.9[0m
[0m2021.09.30 23:57:49 INFO  time: indexed workspace in 1.81s[0m
[0m2021.09.30 23:57:52 INFO  no build target: using presentation compiler with only scala-library: 2.12.12[0m
[0m2021.09.30 23:57:52 INFO  skipping build import with status 'Installed'[0m
Oct 01, 2021 12:05:09 AM org.eclipse.lsp4j.jsonrpc.RemoteEndpoint handleCancellation
WARNING: Unmatched cancel notification for request id 416
Oct 01, 2021 12:05:13 AM org.eclipse.lsp4j.jsonrpc.RemoteEndpoint handleCancellation
WARNING: Unmatched cancel notification for request id 424
Oct 01, 2021 12:05:45 AM org.eclipse.lsp4j.jsonrpc.RemoteEndpoint handleCancellation
WARNING: Unmatched cancel notification for request id 430
[0m2021.10.01 00:05:50 INFO  compiling core (1 scala source)[0m
[0m2021.10.01 00:05:51 INFO  time: compiled core in 1.52s[0m
[0m2021.10.01 00:05:51 INFO  compiling core (1 scala source)[0m
[0m2021.10.01 00:05:51 INFO  time: compiled core in 0.39s[0m
[0m2021.10.01 00:05:51 INFO  compiling core (1 scala source)[0m
[0m2021.10.01 00:05:51 INFO  time: compiled core in 0.23s[0m
[0m2021.10.01 00:05:51 INFO  compiling core (1 scala source)[0m
[0m2021.10.01 00:05:51 INFO  time: compiled core in 0.24s[0m
Oct 01, 2021 12:05:57 AM org.eclipse.lsp4j.jsonrpc.RemoteEndpoint handleCancellation
WARNING: Unmatched cancel notification for request id 445
Oct 01, 2021 12:06:52 AM org.eclipse.lsp4j.jsonrpc.RemoteEndpoint handleCancellation
WARNING: Unmatched cancel notification for request id 452
[0m2021.10.01 00:07:03 INFO  compiling core (3 scala sources)[0m
[0m2021.10.01 00:07:05 INFO  time: compiled core in 2.36s[0m
Oct 01, 2021 12:08:16 AM org.eclipse.lsp4j.jsonrpc.RemoteEndpoint handleCancellation
WARNING: Unmatched cancel notification for request id 485
Oct 01, 2021 12:14:53 AM org.eclipse.lsp4j.jsonrpc.RemoteEndpoint handleCancellation
WARNING: Unmatched cancel notification for request id 495
Oct 01, 2021 12:15:04 AM org.eclipse.lsp4j.jsonrpc.RemoteEndpoint handleCancellation
WARNING: Unmatched cancel notification for request id 508
[0m2021.10.01 00:16:17 INFO  compiling core (1 scala source)[0m
[0m2021.10.01 00:16:17 INFO  time: compiled core in 0.4s[0m
[0m2021.10.01 00:16:35 INFO  compiling core (1 scala source)[0m
[0m2021.10.01 00:16:36 INFO  time: compiled core in 1.18s[0m
[0m2021.10.01 00:19:18 INFO  compiling core (1 scala source)[0m
[0m2021.10.01 00:19:20 INFO  time: compiled core in 2.53s[0m
[0m2021.10.01 00:19:23 INFO  compiling core (1 scala source)[0m
[0m2021.10.01 00:19:25 INFO  time: compiled core in 2.7s[0m
[0m2021.10.01 12:17:54 INFO  Shut down connection with build server.[0m
[0m2021.10.01 12:17:54 INFO  Shut down connection with build server.[0m
[0m2021.10.01 12:17:54 INFO  Shut down connection with build server.[0m
No more data in the server stdin, exiting...
No more data in the client stdin, exiting...
No more data in the server stdin, exiting...
No more data in the server stdin, exiting...
No more data in the client stdin, exiting...
No more data in the client stdin, exiting...
No more data in the server stdin, exiting...
No more data in the server stdin, exiting...
No more data in the server stdin, exiting...
[0m2021.10.05 23:05:19 INFO  Started: Metals version 0.10.7 in workspace '/Users/bpusey/src/pet-projects/betobeto/betobeto-build' for client Visual Studio Code 1.60.1.[0m
[0m2021.10.05 23:05:27 INFO  time: initialize in 8.42s[0m
[0m2021.10.05 23:05:30 INFO  Attempting to connect to the build server...[0m
Starting the bsp launcher for bloop...
Opening a bsp server connection with 'bsp --protocol local --socket /var/folders/dj/3b7b3y0x0dn2175jw61qlch5p4dcxc/T/bsp-launcher14815535542734257586/bsp.socket'...
Waiting for the bsp connection to come up...
[0m2021.10.05 23:05:29 WARN  no build target for: /Users/bpusey/src/pet-projects/betobeto/betobeto-build/betobeto-build-core/src/main/scala/com/betobeto/build/sbt/core/Dependencies.scala[0m
[0m2021.10.05 23:05:30 INFO  skipping build import with status 'Installed'[0m
[0m[32m[D][0m Loading workspace settings from bloop.settings.json
[0m[32m[D][0m Waiting for a connection at local:///var/folders/dj/3b7b3y0x0dn2175jw61qlch5p4dcxc/T/bsp-launcher14815535542734257586/bsp.socket...
The server is listening for incoming connections at local:///var/folders/dj/3b7b3y0x0dn2175jw61qlch5p4dcxc/T/bsp-launcher14815535542734257586/bsp.socket...
Starting thread that pumps stdin and redirects it to the bsp server...
Starting thread that pumps server stdout and redirects it to the client stdout...
[0m2021.10.05 23:05:31 INFO  tracing is disabled for protocol BSP, to enable tracing of incoming and outgoing JSON messages create an empty file at /Users/bpusey/Library/Caches/org.scalameta.metals/bsp.trace.json[0m
[0m2021.10.05 23:05:31 INFO  Attempting to connect to the build server...[0m
Starting the bsp launcher for bloop...
Opening a bsp server connection with 'bsp --protocol local --socket /var/folders/dj/3b7b3y0x0dn2175jw61qlch5p4dcxc/T/bsp-launcher2592229404741021385/bsp.socket'...
Waiting for the bsp connection to come up...
[0m2021.10.05 23:05:31 INFO  Attempting to connect to the build server...[0m
Starting the bsp launcher for bloop...
Opening a bsp server connection with 'bsp --protocol local --socket /var/folders/dj/3b7b3y0x0dn2175jw61qlch5p4dcxc/T/bsp-launcher9343598412780956430/bsp.socket'...
Waiting for the bsp connection to come up...
[0m[32m[D][0m Loading workspace settings from bloop.settings.json
[0m[32m[D][0m Waiting for a connection at local:///var/folders/dj/3b7b3y0x0dn2175jw61qlch5p4dcxc/T/bsp-launcher2592229404741021385/bsp.socket...
The server is listening for incoming connections at local:///var/folders/dj/3b7b3y0x0dn2175jw61qlch5p4dcxc/T/bsp-launcher2592229404741021385/bsp.socket...
Starting thread that pumps stdin and redirects it to the bsp server...
Starting thread that pumps server stdout and redirects it to the client stdout...
[0m2021.10.05 23:05:32 INFO  tracing is disabled for protocol BSP, to enable tracing of incoming and outgoing JSON messages create an empty file at /Users/bpusey/Library/Caches/org.scalameta.metals/bsp.trace.json[0m
[0m[32m[D][0m Loading workspace settings from bloop.settings.json
[0m[32m[D][0m Waiting for a connection at local:///var/folders/dj/3b7b3y0x0dn2175jw61qlch5p4dcxc/T/bsp-launcher9343598412780956430/bsp.socket...
The server is listening for incoming connections at local:///var/folders/dj/3b7b3y0x0dn2175jw61qlch5p4dcxc/T/bsp-launcher9343598412780956430/bsp.socket...
Starting thread that pumps stdin and redirects it to the bsp server...
Starting thread that pumps server stdout and redirects it to the client stdout...
[0m2021.10.05 23:05:32 INFO  tracing is disabled for protocol BSP, to enable tracing of incoming and outgoing JSON messages create an empty file at /Users/bpusey/Library/Caches/org.scalameta.metals/bsp.trace.json[0m
[0m2021.10.05 23:05:32 INFO  time: Connected to build server in 2.35s[0m
[0m2021.10.05 23:05:32 INFO  Connected to Build server: Bloop v1.4.9[0m
[0m2021.10.05 23:05:53 INFO  no build target: using presentation compiler with only scala-library: 2.12.15[0m
[0m2021.10.05 23:05:54 INFO  time: Imported build in 0.83s[0m
[0m2021.10.05 23:06:18 INFO  no build target: using presentation compiler with only scala-library: 2.12.15[0m
[0m2021.10.05 23:06:40 INFO  time: code lens generation in 1m10s[0m
[0m2021.10.05 23:06:54 INFO  time: indexed workspace in 1m[0m
[0m2021.10.05 23:07:04 INFO  no build target: using presentation compiler with only scala-library: 2.12.12[0m
Oct 06, 2021 12:11:00 AM org.eclipse.lsp4j.jsonrpc.RemoteEndpoint handleCancellation
WARNING: Unmatched cancel notification for request id 18
Oct 06, 2021 12:19:19 AM org.eclipse.lsp4j.jsonrpc.RemoteEndpoint handleCancellation
WARNING: Unmatched cancel notification for request id 28
[0m2021.10.06 15:40:24 INFO  Shut down connection with build server.[0m
[0m2021.10.06 15:40:24 No more data in the server stdin, exiting...INFO 
 Shut down connection with build server.No more data in the server stdin, exiting...
[0mNo more data in the server stdin, exiting...

[0m2021.10.06 15:40:24 INFO  No more data in the server stdin, exiting...Shut down connection with build server.
[0m
No more data in the server stdin, exiting...
No more data in the server stdin, exiting...
No more data in the client stdin, exiting...
No more data in the client stdin, exiting...
No more data in the client stdin, exiting...
[0m2021.10.06 19:29:04 INFO  Started: Metals version 0.10.7 in workspace '/Users/bpusey/src/pet-projects/betobeto/betobeto-build' for client Visual Studio Code 1.60.1.[0m
[0m2021.10.06 19:29:06 INFO  time: initialize in 2.24s[0m
[0m2021.10.06 19:29:08 INFO  Attempting to connect to the build server...[0m
Starting the bsp launcher for bloop...
Opening a bsp server connection with 'bsp --protocol local --socket /var/folders/dj/3b7b3y0x0dn2175jw61qlch5p4dcxc/T/bsp-launcher16314452294890772935/bsp.socket'...
Waiting for the bsp connection to come up...
[0m2021.10.06 19:29:08 WARN  no build target for: /Users/bpusey/src/pet-projects/betobeto/betobeto-build/betobeto-build-core/src/main/scala/com/betobeto/build/sbt/core/Dependencies.scala[0m
[0m2021.10.06 19:29:08 INFO  skipping build import with status 'Installed'[0m
[0m[32m[D][0m Loading workspace settings from bloop.settings.json
[0m[32m[D][0m Waiting for a connection at local:///var/folders/dj/3b7b3y0x0dn2175jw61qlch5p4dcxc/T/bsp-launcher16314452294890772935/bsp.socket...
The server is listening for incoming connections at local:///var/folders/dj/3b7b3y0x0dn2175jw61qlch5p4dcxc/T/bsp-launcher16314452294890772935/bsp.socket...
Starting thread that pumps stdin and redirects it to the bsp server...
Starting thread that pumps server stdout and redirects it to the client stdout...
[0m2021.10.06 19:29:09 INFO  tracing is disabled for protocol BSP, to enable tracing of incoming and outgoing JSON messages create an empty file at /Users/bpusey/Library/Caches/org.scalameta.metals/bsp.trace.json[0m
[0m2021.10.06 19:29:09 INFO  Attempting to connect to the build server...[0m
Starting the bsp launcher for bloop...
[0m2021.10.06 19:29:09 INFO  Attempting to connect to the build server...Opening a bsp server connection with 'bsp --protocol local --socket /var/folders/dj/3b7b3y0x0dn2175jw61qlch5p4dcxc/T/bsp-launcher12089575994165599520/bsp.socket'...[0m

Waiting for the bsp connection to come up...
Starting the bsp launcher for bloop...
Opening a bsp server connection with 'bsp --protocol local --socket /var/folders/dj/3b7b3y0x0dn2175jw61qlch5p4dcxc/T/bsp-launcher14180429713313396811/bsp.socket'...
Waiting for the bsp connection to come up...
[0m[32m[D][0m Loading workspace settings from bloop.settings.json
[0m[32m[D][0m Waiting for a connection at local:///var/folders/dj/3b7b3y0x0dn2175jw61qlch5p4dcxc/T/bsp-launcher12089575994165599520/bsp.socket...
The server is listening for incoming connections at local:///var/folders/dj/3b7b3y0x0dn2175jw61qlch5p4dcxc/T/bsp-launcher12089575994165599520/bsp.socket...
Starting thread that pumps stdin and redirects it to the bsp server...
Starting thread that pumps server stdout and redirects it to the client stdout...
[0m2021.10.06 19:29:09 [0m[32m[D][0m Loading workspace settings from bloop.settings.json
[0m[32m[D][0m Waiting for a connection at local:///var/folders/dj/3b7b3y0x0dn2175jw61qlch5p4dcxc/T/bsp-launcher14180429713313396811/bsp.socket...
The server is listening for incoming connections at local:///var/folders/dj/3b7b3y0x0dn2175jw61qlch5p4dcxc/T/bsp-launcher14180429713313396811/bsp.socket...INFO  
tracing is disabled for protocol BSP, to enable tracing of incoming and outgoing JSON messages create an empty file at /Users/bpusey/Library/Caches/org.scalameta.metals/bsp.trace.json[0m
Starting thread that pumps stdin and redirects it to the bsp server...
Starting thread that pumps server stdout and redirects it to the client stdout...
[0m2021.10.06 19:29:09 INFO  tracing is disabled for protocol BSP, to enable tracing of incoming and outgoing JSON messages create an empty file at /Users/bpusey/Library/Caches/org.scalameta.metals/bsp.trace.json[0m
[0m2021.10.06 19:29:09 INFO  time: Connected to build server in 0.97s[0m
[0m2021.10.06 19:29:09 INFO  Connected to Build server: Bloop v1.4.9[0m
[0m2021.10.06 19:29:13 INFO  no build target: using presentation compiler with only scala-library: 2.12.15[0m
[0m2021.10.06 19:29:15 INFO  no build target: using presentation compiler with only scala-library: 2.12.15[0m
[0m2021.10.06 19:29:18 INFO  time: code lens generation in 8.8s[0m
[0m2021.10.06 19:29:18 INFO  time: code lens generation in 1.95s[0m
[0m2021.10.06 19:29:22 INFO  time: indexed workspace in 8.82s[0m
[0m2021.10.06 19:29:24 INFO  no build target: using presentation compiler with only scala-library: 2.12.12[0m
No more data in the server stdin, exiting...[0m
No more data in the server stdin, exiting...2021.10.06 23:28:00
 No more data in the server stdin, exiting...INFO 
 Shut down connection with build server.No more data in the server stdin, exiting...
[0m
No more data in the server stdin, exiting...
No more data in the server stdin, exiting...
[0m2021.10.06 23:28:00 INFO  Shut down connection with build server.[0m
[0m2021.10.06 23:28:00 INFO  Shut down connection with build server.[0m
No more data in the client stdin, exiting...
No more data in the client stdin, exiting...
No more data in the client stdin, exiting...
